{"level":"info","message":"Server is running at http://localhost:3000"}
{"level":"info","message":"Server is running at http://localhost:3000"}
{"level":"info","message":"Hello World endpoint called"}
{"level":"info","message":"Server is running at http://localhost:3000"}
{"level":"info","message":"send message endpoint called"}
{"level":"info"}
{"level":"info","message":"Please scan the QR Code with WhatsApp"}
{"level":"error","message":"Error sending message: Waiting for selector `SOME_SELECTOR_AFTER_LOGIN` failed: Waiting failed: 30000ms exceeded","name":"TimeoutError","stack":"TimeoutError: Waiting for selector `SOME_SELECTOR_AFTER_LOGIN` failed: Waiting failed: 30000ms exceeded\n    at new WaitTask (/Users/admin/www/whatsapp-puppeteer/node_modules/puppeteer-core/src/common/WaitTask.ts:82:28)\n    at IsolatedWorld.waitForFunction (/Users/admin/www/whatsapp-puppeteer/node_modules/puppeteer-core/src/api/Realm.ts:74:22)\n    at Function.waitFor (/Users/admin/www/whatsapp-puppeteer/node_modules/puppeteer-core/src/common/QueryHandler.ts:159:50)\n    at processTicksAndRejections (node:internal/process/task_queues:95:5)\n    at async CdpFrame.waitForSelector (/Users/admin/www/whatsapp-puppeteer/node_modules/puppeteer-core/src/api/Frame.ts:686:13)\n    at async CdpPage.waitForSelector (/Users/admin/www/whatsapp-puppeteer/node_modules/puppeteer-core/src/api/Page.ts:2833:12)"}
{"level":"info","message":"Server is running at http://localhost:3000"}
{"level":"info","message":"Server is running at http://localhost:3000"}
{"level":"info","message":"Server is running at http://localhost:3000"}
{"level":"info","message":"Server is running at http://localhost:3000"}
{"level":"info","message":"Server is running at http://localhost:3000"}
{"level":"info","message":"send message endpoint called"}
{"level":"info"}
{"level":"info","message":{"handle":{}}}
{"level":"info","message":"Server is running at http://localhost:3000"}
{"level":"info","message":"send message endpoint called"}
{"level":"info"}
{"level":"info","message":{"handle":{}}}
{"level":"info","message":"element found"}
{"level":"info","message":"Server is running at http://localhost:3000"}
{"level":"info","message":"Server is running at http://localhost:3000"}
{"level":"info","message":"Server is running at http://localhost:3000"}
{"level":"info","message":"Server is running at http://localhost:3000"}
{"level":"info","message":"Server is running at http://localhost:3000"}
{"level":"info","message":"Server is running at http://localhost:3000"}
{"level":"info","message":"Server is running at http://localhost:3000"}
{"level":"info","message":"Server is running at http://localhost:3000"}
{"level":"info","message":"Server is running at http://localhost:3000"}
{"level":"info","message":"Server is running at http://localhost:3000"}
{"level":"info","message":"Server is running at http://localhost:3000"}
{"level":"info","message":"Server is running at http://localhost:3000"}
{"level":"info","message":"Server is running at http://localhost:3000"}
{"level":"info","message":"Server is running at http://localhost:3000"}
{"level":"info","message":"Server is running at http://localhost:3000"}
{"level":"info","message":"Server is running at http://localhost:3000"}
{"level":"info","message":"Server is running at http://localhost:3000"}
{"level":"info","message":"Server is running at http://localhost:3000"}
{"level":"info","message":"Send message endpoint called"}
{"level":"info","message":"Number: 6479869950, Message: test"}
{"level":"info","message":{"handle":{}}}
{"level":"info","message":"Waiting for user to log in"}
{"level":"error","message":"Error sending message: Failed to execute 'querySelectorAll' on 'Document': 'data-icon=\"new-chat-outline\"' is not a valid selector.\nre (pptr:internal:3:12753)\nIe (pptr:internal:3:13061)\npptr:evaluateHandle;PQueryHandler.queryOne%20(%2FUsers%2Fadmin%2Fwww%2Fwhatsapp-puppeteer%2Fnode_modules%2Fpuppeteer-core%2Flib%2Fcjs%2Fpuppeteer%2Fcommon%2FQueryHandler.js%3A130%3A73):2:16","name":"DOMException","stack":"DOMException: Failed to execute 'querySelectorAll' on 'Document': 'data-icon=\"new-chat-outline\"' is not a valid selector.\nre (pptr:internal:3:12753)\nIe (pptr:internal:3:13061)\npptr:evaluateHandle;PQueryHandler.queryOne%20(%2FUsers%2Fadmin%2Fwww%2Fwhatsapp-puppeteer%2Fnode_modules%2Fpuppeteer-core%2Flib%2Fcjs%2Fpuppeteer%2Fcommon%2FQueryHandler.js%3A130%3A73):2:16\n    at ExecutionContext.#evaluate (/Users/admin/www/whatsapp-puppeteer/node_modules/puppeteer-core/src/cdp/ExecutionContext.ts:305:34)\n    at processTicksAndRejections (node:internal/process/task_queues:95:5)\n    at async ExecutionContext.evaluateHandle (/Users/admin/www/whatsapp-puppeteer/node_modules/puppeteer-core/src/cdp/ExecutionContext.ts:217:12)\n    at async IsolatedWorld.evaluateHandle (/Users/admin/www/whatsapp-puppeteer/node_modules/puppeteer-core/src/cdp/IsolatedWorld.ts:128:12)\n    at async CdpJSHandle.evaluateHandle (/Users/admin/www/whatsapp-puppeteer/node_modules/puppeteer-core/src/api/JSHandle.ts:94:12)\n    at async CdpElementHandle.evaluateHandle (/Users/admin/www/whatsapp-puppeteer/node_modules/puppeteer-core/src/api/ElementHandle.ts:285:12)\n    at async Function.queryOne (/Users/admin/www/whatsapp-puppeteer/node_modules/puppeteer-core/src/common/QueryHandler.ts:119:20)\n    at async CdpElementHandle.$ (/Users/admin/www/whatsapp-puppeteer/node_modules/puppeteer-core/src/api/ElementHandle.ts:344:13)\n    at async CdpElementHandle.<anonymous> (/Users/admin/www/whatsapp-puppeteer/node_modules/puppeteer-core/src/api/ElementHandle.ts:167:22)"}
{"level":"info","message":"Server is running at http://localhost:3000"}
{"level":"info","message":"Send message endpoint called"}
{"level":"info","message":"Number: 6479869950, Message: test"}
{"level":"info","message":{"handle":{}}}
{"level":"info","message":"Waiting for user to log in"}
{"level":"error","message":"Error sending message: No element found for selector: span[data-icon=\"new-chat-outline\"]","stack":"Error: No element found for selector: span[data-icon=\"new-chat-outline\"]\n    at assert (/Users/admin/www/whatsapp-puppeteer/node_modules/puppeteer-core/src/util/assert.ts:19:11)\n    at CdpFrame.click (/Users/admin/www/whatsapp-puppeteer/node_modules/puppeteer-core/src/api/Frame.ts:1039:11)\n    at processTicksAndRejections (node:internal/process/task_queues:95:5)"}
{"level":"info","message":"Server is running at http://localhost:3000"}
{"level":"info","message":"Send message endpoint called"}
{"level":"info","message":"Number: 6479869950, Message: test"}
{"level":"error","message":"Error sending message: Waiting for selector `.landing-title` failed: Protocol error (DOM.describeNode): Cannot find context with specified id","name":"ProtocolError","stack":"ProtocolError: Waiting for selector `.landing-title` failed: Protocol error (DOM.describeNode): Cannot find context with specified id\n    at Callback.<instance_members_initializer> (/Users/admin/www/whatsapp-puppeteer/node_modules/puppeteer-core/src/common/CallbackRegistry.ts:104:12)\n    at new Callback (/Users/admin/www/whatsapp-puppeteer/node_modules/puppeteer-core/src/common/CallbackRegistry.ts:109:3)\n    at CallbackRegistry.create (/Users/admin/www/whatsapp-puppeteer/node_modules/puppeteer-core/src/common/CallbackRegistry.ts:27:22)\n    at Connection._rawSend (/Users/admin/www/whatsapp-puppeteer/node_modules/puppeteer-core/src/cdp/Connection.ts:120:22)\n    at CdpCDPSession.send (/Users/admin/www/whatsapp-puppeteer/node_modules/puppeteer-core/src/cdp/CDPSession.ts:95:29)\n    at IsolatedWorld.transferHandle (/Users/admin/www/whatsapp-puppeteer/node_modules/puppeteer-core/src/cdp/IsolatedWorld.ts:262:36)\n    at Function.waitFor (/Users/admin/www/whatsapp-puppeteer/node_modules/puppeteer-core/src/common/QueryHandler.ts:193:38)\n    at processTicksAndRejections (node:internal/process/task_queues:95:5)\n    at async CdpFrame.waitForSelector (/Users/admin/www/whatsapp-puppeteer/node_modules/puppeteer-core/src/api/Frame.ts:686:13)\n    at async CdpPage.waitForSelector (/Users/admin/www/whatsapp-puppeteer/node_modules/puppeteer-core/src/api/Page.ts:2833:12)"}
{"level":"info","message":"Server is running at http://localhost:3000"}
{"level":"info","message":"Server is running at http://localhost:3000"}
{"level":"info","message":"Send message endpoint called"}
{"level":"info","message":"Number: 6479869950, Message: test"}
{"level":"info","message":{"handle":{}}}
{"level":"info","message":"Server is running at http://localhost:3000"}
{"level":"info","message":"Send message endpoint called"}
{"level":"info","message":"Number: 6479869950, Message: test"}
{"level":"info","message":{"handle":{}}}
{"level":"info","message":"Server is running at http://localhost:3000"}
{"level":"info","message":"Send message endpoint called"}
{"level":"info","message":"Number: 6479869950, Message: test"}
{"level":"error","message":"Error sending message: No element found for selector: span[data-icon=\"new-chat-outline\"]","stack":"Error: No element found for selector: span[data-icon=\"new-chat-outline\"]\n    at assert (/Users/admin/www/whatsapp-puppeteer/node_modules/puppeteer-core/src/util/assert.ts:19:11)\n    at CdpFrame.click (/Users/admin/www/whatsapp-puppeteer/node_modules/puppeteer-core/src/api/Frame.ts:1039:11)\n    at processTicksAndRejections (node:internal/process/task_queues:95:5)"}
{"level":"info","message":"Server is running at http://localhost:3000"}
{"level":"info","message":"Send message endpoint called"}
{"level":"info","message":"Number: 6479869950, Message: test"}
{"level":"error","message":"Error sending message: No element found for selector: span[data-icon=\"new-chat-outline\"]","stack":"Error: No element found for selector: span[data-icon=\"new-chat-outline\"]\n    at assert (/Users/admin/www/whatsapp-puppeteer/node_modules/puppeteer-core/src/util/assert.ts:19:11)\n    at CdpFrame.click (/Users/admin/www/whatsapp-puppeteer/node_modules/puppeteer-core/src/api/Frame.ts:1039:11)\n    at processTicksAndRejections (node:internal/process/task_queues:95:5)"}
{"level":"info","message":"Send message endpoint called"}
{"level":"info","message":"Number: 6479869950, Message: test"}
{"level":"error","message":"Error sending message: No element found for selector: span[data-icon=\"new-chat-outline\"]","stack":"Error: No element found for selector: span[data-icon=\"new-chat-outline\"]\n    at assert (/Users/admin/www/whatsapp-puppeteer/node_modules/puppeteer-core/src/util/assert.ts:19:11)\n    at CdpFrame.click (/Users/admin/www/whatsapp-puppeteer/node_modules/puppeteer-core/src/api/Frame.ts:1039:11)\n    at processTicksAndRejections (node:internal/process/task_queues:95:5)"}
{"level":"info","message":"Server is running at http://localhost:3000"}
{"level":"info","message":"Send message endpoint called"}
{"level":"info","message":"Number: 6479869950, Message: test"}
{"level":"info","message":{"handle":{}}}
{"level":"info","message":"Server is running at http://localhost:3000"}
{"level":"info","message":"Send message endpoint called"}
{"level":"info","message":"Number: 6479869950, Message: test"}
{"level":"info","message":{"handle":{}}}
{"level":"info","message":"Server is running at http://localhost:3000"}
{"level":"info","message":"Send message endpoint called"}
{"level":"info","message":"Number: 6479869950, Message: test"}
{"level":"info","message":{"handle":{}}}
{"level":"info","message":{"handle":{}}}
{"level":"info","message":"Server is running at http://localhost:3000"}
{"level":"info","message":"Server is running at http://localhost:3000"}
{"level":"info","message":"Send message endpoint called"}
{"level":"info","message":"Number: 6479869950, Message: test"}
{"level":"info","message":"Server is running at http://localhost:3000"}
{"level":"info","message":"Server is running at http://localhost:3000"}
{"level":"info","message":"Send message endpoint called"}
{"level":"info","message":"Number: 6479869950, Message: test"}
{"level":"info","message":"Server is running at http://localhost:3000"}
{"level":"info","message":"Server is running at http://localhost:3000"}
{"level":"info","message":"Send message endpoint called"}
{"level":"info","message":"Number: 6479869950, Message: test"}
{"level":"info","message":"Server is running at http://localhost:3000"}
{"level":"info","message":"Send message endpoint called"}
{"level":"info","message":"Number: 6479869950, Message: test"}
{"level":"info","message":"Send message endpoint called"}
{"level":"info","message":"Number: 6477748555, Message: test"}
{"level":"info","message":"Server is running at http://localhost:3000"}
{"level":"info","message":"Server is running at http://localhost:3000"}
{"level":"info","message":"Send message endpoint called"}
{"level":"info","message":"Number: 6477748555, Message: test"}
{"level":"info","message":"Server is running at http://localhost:3000"}
{"level":"info","message":"Server is running at http://localhost:3000"}
{"level":"info","message":"Send message endpoint called"}
{"level":"info","message":"Number: 6477748555, Message: test"}
{"level":"info","message":"Server is running at http://localhost:3000"}
{"level":"info","message":"Server is running at http://localhost:3000"}
{"level":"info","message":"Server is running at http://localhost:3000"}
{"level":"info","message":"Server is running at http://localhost:3000"}
{"level":"info","message":"Server is running at http://localhost:3000"}
{"level":"info","message":"Server is running at http://localhost:3000"}
{"level":"info","message":"Server is running at http://localhost:3000"}
{"level":"info","message":"Server is running at http://localhost:3000"}
{"level":"info","message":"Server is running at http://localhost:3000"}
{"level":"info","message":"Send message endpoint called"}
{"level":"info","message":"Number: 6479869950, Message: test"}
{"level":"info","message":"Chat is open - about to type message"}
{"level":"info","message":"Send message endpoint called"}
{"level":"info","message":"Number: 6477748555, Message: test"}
{"level":"info","message":"Chat is open - about to type message"}
{"level":"info","message":"Server is running at http://localhost:3000"}
{"level":"info","message":"Server is running at http://localhost:3000"}
{"level":"info","message":"Server is running at http://localhost:3000"}
{"level":"info","message":"Server is running at http://localhost:3000"}
{"level":"info","message":"Server is running at http://localhost:3000"}
{"level":"info","message":"Server is running at http://localhost:3000"}
{"level":"info","message":"Server is running at http://localhost:3000"}
{"level":"info","message":"Server is running at http://localhost:3000"}
{"level":"info","message":"Send message endpoint called"}
{"level":"info","message":"Number: 6477748555, Message: test"}
{"level":"error","message":"Error sending message: Waiting for selector `span[data-icon=\"community-group\"]` failed: Waiting failed: 30000ms exceeded","name":"TimeoutError","stack":"TimeoutError: Waiting for selector `span[data-icon=\"community-group\"]` failed: Waiting failed: 30000ms exceeded\n    at new WaitTask (/Users/admin/www/whatsapp-puppeteer/node_modules/puppeteer-core/src/common/WaitTask.ts:82:28)\n    at IsolatedWorld.waitForFunction (/Users/admin/www/whatsapp-puppeteer/node_modules/puppeteer-core/src/api/Realm.ts:74:22)\n    at Function.waitFor (/Users/admin/www/whatsapp-puppeteer/node_modules/puppeteer-core/src/common/QueryHandler.ts:159:50)\n    at processTicksAndRejections (node:internal/process/task_queues:95:5)\n    at async CdpFrame.waitForSelector (/Users/admin/www/whatsapp-puppeteer/node_modules/puppeteer-core/src/api/Frame.ts:686:13)\n    at async CdpPage.waitForSelector (/Users/admin/www/whatsapp-puppeteer/node_modules/puppeteer-core/src/api/Page.ts:2833:12)"}
{"level":"info","message":"Server is running at http://localhost:3000"}
{"level":"info","message":"Send message endpoint called"}
{"level":"info","message":"Number: 6477748555, Message: test"}
{"level":"info","message":"Chat is open - about to type message"}
{"level":"info","message":"Server is running at http://localhost:3000"}
{"level":"info","message":"Server is running at http://localhost:3000"}
{"level":"info","message":"Send message endpoint called"}
{"level":"info","message":"Number: 6477748555, Message: test"}
{"level":"info","message":"Chat is open - about to type message"}
{"level":"info","message":"Server is running at http://localhost:3000"}
{"level":"info","message":"Send message endpoint called"}
{"level":"info","message":"Number: 6477748555, Message: test"}
{"level":"error","message":"Error sending message: Waiting failed: 30000ms exceeded","name":"TimeoutError","stack":"TimeoutError: Waiting failed: 30000ms exceeded\n    at new WaitTask (/Users/admin/www/whatsapp-puppeteer/node_modules/puppeteer-core/src/common/WaitTask.ts:82:28)\n    at IsolatedWorld.waitForFunction (/Users/admin/www/whatsapp-puppeteer/node_modules/puppeteer-core/src/api/Realm.ts:74:22)\n    at CdpFrame.waitForFunction (/Users/admin/www/whatsapp-puppeteer/node_modules/puppeteer-core/src/api/Frame.ts:768:36)\n    at CdpFrame.<anonymous> (/Users/admin/www/whatsapp-puppeteer/node_modules/puppeteer-core/src/util/decorators.ts:61:21)\n    at CdpPage.waitForFunction (/Users/admin/www/whatsapp-puppeteer/node_modules/puppeteer-core/src/api/Page.ts:2960:29)\n    at /Users/admin/www/whatsapp-puppeteer/src/controllers/messageController.ts:50:18\n    at Generator.next (<anonymous>)\n    at fulfilled (/Users/admin/www/whatsapp-puppeteer/src/controllers/messageController.ts:5:58)\n    at processTicksAndRejections (node:internal/process/task_queues:95:5)"}
{"level":"info","message":"Server is running at http://localhost:3000"}
{"level":"info","message":"Server is running at http://localhost:3000"}
{"level":"info","message":"Send message endpoint called"}
{"level":"info","message":"Number: 6477748555, Message: test"}
{"level":"error","message":"Error sending message: Waiting for selector `.landing-title` failed: Waiting failed: 30000ms exceeded","name":"TimeoutError","stack":"TimeoutError: Waiting for selector `.landing-title` failed: Waiting failed: 30000ms exceeded\n    at new WaitTask (/Users/admin/www/whatsapp-puppeteer/node_modules/puppeteer-core/src/common/WaitTask.ts:82:28)\n    at IsolatedWorld.waitForFunction (/Users/admin/www/whatsapp-puppeteer/node_modules/puppeteer-core/src/api/Realm.ts:74:22)\n    at Function.waitFor (/Users/admin/www/whatsapp-puppeteer/node_modules/puppeteer-core/src/common/QueryHandler.ts:159:50)\n    at processTicksAndRejections (node:internal/process/task_queues:95:5)\n    at async CdpFrame.waitForSelector (/Users/admin/www/whatsapp-puppeteer/node_modules/puppeteer-core/src/api/Frame.ts:686:13)\n    at async CdpPage.waitForSelector (/Users/admin/www/whatsapp-puppeteer/node_modules/puppeteer-core/src/api/Page.ts:2833:12)"}
{"level":"info","message":"Server is running at http://localhost:3000"}
{"level":"info","message":"Send message endpoint called"}
{"level":"info","message":"Number: 6477748555, Message: test"}
{"level":"error","message":"Error sending message: Waiting failed: 30000ms exceeded","name":"TimeoutError","stack":"TimeoutError: Waiting failed: 30000ms exceeded\n    at new WaitTask (/Users/admin/www/whatsapp-puppeteer/node_modules/puppeteer-core/src/common/WaitTask.ts:82:28)\n    at IsolatedWorld.waitForFunction (/Users/admin/www/whatsapp-puppeteer/node_modules/puppeteer-core/src/api/Realm.ts:74:22)\n    at CdpFrame.waitForFunction (/Users/admin/www/whatsapp-puppeteer/node_modules/puppeteer-core/src/api/Frame.ts:768:36)\n    at CdpFrame.<anonymous> (/Users/admin/www/whatsapp-puppeteer/node_modules/puppeteer-core/src/util/decorators.ts:61:21)\n    at CdpPage.waitForFunction (/Users/admin/www/whatsapp-puppeteer/node_modules/puppeteer-core/src/api/Page.ts:2960:29)\n    at /Users/admin/www/whatsapp-puppeteer/src/controllers/messageController.ts:49:18\n    at Generator.next (<anonymous>)\n    at fulfilled (/Users/admin/www/whatsapp-puppeteer/src/controllers/messageController.ts:5:58)\n    at processTicksAndRejections (node:internal/process/task_queues:95:5)"}
{"level":"info","message":"Server is running at http://localhost:3000"}
{"level":"info","message":"Send message endpoint called"}
{"level":"info","message":"Number: 6477748555, Message: test"}
{"level":"info","message":"Chat is open - about to type message"}
{"level":"info","message":"Server is running at http://localhost:3000"}
{"level":"info","message":"Server is running at http://localhost:3000"}
{"level":"info","message":"Send message endpoint called"}
{"level":"info","message":"Number: 6477748555, Message: test"}
{"level":"info","message":"Sending message to 6477748555"}
{"level":"error","message":"Error sending message: No element found for selector: span[data-icon=\"new-chat-outline\"]","stack":"Error: No element found for selector: span[data-icon=\"new-chat-outline\"]\n    at assert (/Users/admin/www/whatsapp-puppeteer/node_modules/puppeteer-core/src/util/assert.ts:19:11)\n    at CdpFrame.click (/Users/admin/www/whatsapp-puppeteer/node_modules/puppeteer-core/src/api/Frame.ts:1039:11)\n    at processTicksAndRejections (node:internal/process/task_queues:95:5)"}
{"level":"info","message":"Server is running at http://localhost:3000"}
{"level":"info","message":"Server is running at http://localhost:3000"}
{"level":"info","message":"Server is running at http://localhost:3000"}
{"level":"info","message":"Server is running at http://localhost:3000"}
{"level":"info","message":"Server is running at http://localhost:3000"}
{"level":"info","message":"Server is running at http://localhost:3000"}
{"level":"info","message":"Send message endpoint called"}
{"level":"info","message":"Number: 6477748555, Message: test"}
{"level":"info","message":"Sending message to 6477748555"}
{"level":"info","message":"Chat is open - typing message"}
{"level":"info","message":"Send message endpoint called"}
{"level":"info","message":"Number: 6477748555,6479869950, Message: test"}
{"level":"info","message":"Sending message to 6477748555"}
{"level":"info","message":"Chat is open - typing message"}
{"level":"info","message":"Sending message to 6479869950"}
{"level":"info","message":"Chat is open - typing message"}
{"level":"info","message":"Server is running at http://localhost:3000"}
{"level":"info","message":"Server is running at http://localhost:3000"}
{"level":"info","message":"Send message endpoint called"}
{"level":"info","message":"Number: 6477748555,6479869950, Message: test"}
{"level":"info","message":"Waiting for user to log in"}
{"level":"info","message":"Server is running at http://localhost:3000"}
{"level":"info","message":"Send message endpoint called"}
{"level":"info","message":"Number: 6477748555,6479869950, Message: test"}
{"level":"info","message":"Waiting for user to log in"}
{"level":"info","message":"Server is running at http://localhost:3000"}
{"level":"info","message":"Send message endpoint called"}
{"level":"info","message":"Number: 6477748555,6479869950, Message: test"}
{"level":"info","message":"Waiting for user to log in"}
{"level":"info","message":"Server is running at http://localhost:3000"}
{"level":"info","message":"Send message endpoint called"}
{"level":"info","message":"Number: 6477748555,6479869950, Message: test"}
{"level":"info","message":"Sending message to 6477748555"}
{"level":"info","message":"Chat is open - typing message"}
{"level":"info","message":"Sending message to 6479869950"}
{"level":"info","message":"Chat is open - typing message"}
{"level":"info","message":"Send message endpoint called"}
{"level":"info","message":"Number: 6477748555,6479869950, Message: test"}
{"level":"info","message":"Sending message to 6477748555"}
{"level":"info","message":"Chat is open - typing message"}
{"level":"info","message":"Sending message to 6479869950"}
{"level":"info","message":"Chat is open - typing message"}
{"level":"info","message":"Server is running at http://localhost:3000"}
{"level":"info","message":"Server is running at http://localhost:3000"}
{"level":"info","message":"Server is running at http://localhost:3000"}
{"level":"info","message":"Send message endpoint called"}
{"level":"info","message":"Number: 6477748555,6479869950, Message: test"}
{"level":"info","message":"Sending message: test to: 6477748555"}
{"level":"info","message":"Sending message: test to: 6479869950"}
{"code":"ERR_HTTP_HEADERS_SENT","level":"error","message":"Error sending message: Cannot set headers after they are sent to the client","stack":"Error [ERR_HTTP_HEADERS_SENT]: Cannot set headers after they are sent to the client\n    at new NodeError (node:internal/errors:399:5)\n    at ServerResponse.setHeader (node:_http_outgoing:663:11)\n    at ServerResponse.header (/Users/admin/www/whatsapp-puppeteer/node_modules/express/lib/response.js:794:10)\n    at ServerResponse.send (/Users/admin/www/whatsapp-puppeteer/node_modules/express/lib/response.js:174:12)\n    at /Users/admin/www/whatsapp-puppeteer/src/controllers/messageController.ts:75:21\n    at Generator.next (<anonymous>)\n    at fulfilled (/Users/admin/www/whatsapp-puppeteer/src/controllers/messageController.ts:5:58)"}
{"level":"info","message":"Server is running at http://localhost:3000"}
{"level":"info","message":"Send message endpoint called"}
{"level":"info","message":"Number: 6477748555,6479869950, Message: test"}
{"level":"info","message":"Sending message: test to: 6477748555"}
{"level":"info","message":"Sending message: test to: 6479869950"}
{"code":"ERR_HTTP_HEADERS_SENT","level":"error","message":"Error sending message: Cannot set headers after they are sent to the client","stack":"Error [ERR_HTTP_HEADERS_SENT]: Cannot set headers after they are sent to the client\n    at new NodeError (node:internal/errors:399:5)\n    at ServerResponse.setHeader (node:_http_outgoing:663:11)\n    at ServerResponse.header (/Users/admin/www/whatsapp-puppeteer/node_modules/express/lib/response.js:794:10)\n    at ServerResponse.send (/Users/admin/www/whatsapp-puppeteer/node_modules/express/lib/response.js:174:12)\n    at /Users/admin/www/whatsapp-puppeteer/src/controllers/messageController.ts:74:21\n    at Generator.next (<anonymous>)\n    at fulfilled (/Users/admin/www/whatsapp-puppeteer/src/controllers/messageController.ts:5:58)"}
{"level":"info","message":"Server is running at http://localhost:3000"}
{"level":"info","message":"Sending message: test to: 6477748555"}
{"level":"info","message":"Sending message: test to: 6479869950"}
{"code":"ERR_HTTP_HEADERS_SENT","level":"error","message":"Error sending message: Cannot set headers after they are sent to the client","stack":"Error [ERR_HTTP_HEADERS_SENT]: Cannot set headers after they are sent to the client\n    at new NodeError (node:internal/errors:399:5)\n    at ServerResponse.setHeader (node:_http_outgoing:663:11)\n    at ServerResponse.header (/Users/admin/www/whatsapp-puppeteer/node_modules/express/lib/response.js:794:10)\n    at ServerResponse.send (/Users/admin/www/whatsapp-puppeteer/node_modules/express/lib/response.js:174:12)\n    at /Users/admin/www/whatsapp-puppeteer/src/controllers/messageController.ts:71:21\n    at Generator.next (<anonymous>)\n    at fulfilled (/Users/admin/www/whatsapp-puppeteer/src/controllers/messageController.ts:5:58)"}
{"level":"info","message":"Server is running at http://localhost:3000"}
{"level":"info","message":"Server is running at http://localhost:3000"}
{"level":"info","message":"Sending message: test to: 6477748555"}
{"level":"info","message":"Sending message: test to: 6479869950"}
{"code":"ERR_HTTP_HEADERS_SENT","level":"error","message":"Error sending message: Cannot set headers after they are sent to the client","stack":"Error [ERR_HTTP_HEADERS_SENT]: Cannot set headers after they are sent to the client\n    at new NodeError (node:internal/errors:399:5)\n    at ServerResponse.setHeader (node:_http_outgoing:663:11)\n    at ServerResponse.header (/Users/admin/www/whatsapp-puppeteer/node_modules/express/lib/response.js:794:10)\n    at ServerResponse.send (/Users/admin/www/whatsapp-puppeteer/node_modules/express/lib/response.js:174:12)\n    at /Users/admin/www/whatsapp-puppeteer/src/controllers/messageController.ts:71:21\n    at Generator.next (<anonymous>)\n    at fulfilled (/Users/admin/www/whatsapp-puppeteer/src/controllers/messageController.ts:5:58)"}
{"level":"info","message":"Server is running at http://localhost:3000"}
{"level":"info","message":"Server is running at http://localhost:3000"}
{"level":"info","message":"Sending message: test to: 6477748555"}
{"level":"info","message":"Sending message: test to: 6479869950"}
{"level":"info","message":"Server is running at http://localhost:3000"}
{"level":"info","message":"Sending message: test to: 6477748555"}
{"level":"info","message":"Sending message: test to: 6479869950"}
